<?xml version="1.0" encoding="UTF-8"?>
<coverage generated="1707474701548" clover="3.2.0">
  <project timestamp="1707474701548" name="All files">
    <metrics statements="19" coveredstatements="5" conditionals="1" coveredconditionals="0" methods="5" coveredmethods="3" elements="25" coveredelements="8" complexity="0" loc="19" ncloc="19" packages="1" files="2" classes="2"/>
    <file name="cli.ts" path="/Users/nhaoz/Workspace/itAcademy/NodeJs/sprint-2/debounce/src/cli.ts">
      <metrics statements="14" coveredstatements="0" conditionals="1" coveredconditionals="0" methods="2" coveredmethods="0"/>
      <line num="1" count="0" type="stmt"/>
      <line num="3" count="0" type="stmt"/>
      <line num="5" count="0" type="stmt"/>
      <line num="6" count="0" type="stmt"/>
      <line num="8" count="0" type="cond" truecount="0" falsecount="1"/>
      <line num="9" count="0" type="stmt"/>
      <line num="12" count="0" type="stmt"/>
      <line num="15" count="0" type="stmt"/>
      <line num="16" count="0" type="stmt"/>
      <line num="18" count="0" type="stmt"/>
      <line num="19" count="0" type="stmt"/>
      <line num="24" count="0" type="stmt"/>
      <line num="25" count="0" type="stmt"/>
      <line num="30" count="0" type="stmt"/>
    </file>
    <file name="index.ts" path="/Users/nhaoz/Workspace/itAcademy/NodeJs/sprint-2/debounce/src/index.ts">
      <metrics statements="5" coveredstatements="5" conditionals="0" coveredconditionals="0" methods="3" coveredmethods="3"/>
      <line num="1" count="1" type="stmt"/>
      <line num="4" count="1" type="stmt"/>
      <line num="5" count="4" type="stmt"/>
      <line num="7" count="4" type="stmt"/>
      <line num="8" count="2" type="stmt"/>
    </file>
  </project>
</coverage>
