{"/Users/nhaoz/Workspace/itAcademy/NodeJs/sprint-2/debounce/src/index.ts": {"path":"/Users/nhaoz/Workspace/itAcademy/NodeJs/sprint-2/debounce/src/index.ts","statementMap":{"0":{"start":{"line":1,"column":23},"end":{"line":1,"column":36}},"1":{"start":{"line":4,"column":4},"end":{"line":4,"column":24}},"2":{"start":{"line":5,"column":4},"end":{"line":5,"column":18}}},"fnMap":{"0":{"name":"saludar","decl":{"start":{"line":3,"column":9},"end":{"line":3,"column":16}},"loc":{"start":{"line":3,"column":16},"end":{"line":6,"column":1}}}},"branchMap":{},"s":{"0":0,"1":0,"2":0},"f":{"0":0},"b":{}}
}
